This file contains any messages produced by compilers while
running configure, to aid debugging if configure makes a mistake.

It was created by Tsampler configure 1.0, which was
generated by GNU Autoconf 2.69.  Invocation command line was

  $ ./configure --no-create --no-recursion

## --------- ##
## Platform. ##
## --------- ##

hostname = Biocomplexitys-MacBook-Pro-9.local
uname -m = x86_64
uname -r = 17.7.0
uname -s = Darwin
uname -v = Darwin Kernel Version 17.7.0: Thu Jun 21 22:53:14 PDT 2018; root:xnu-4570.71.2~1/RELEASE_X86_64

/usr/bin/uname -p = i386
/bin/uname -X     = unknown

/bin/arch              = unknown
/usr/bin/arch -k       = unknown
/usr/convex/getsysinfo = unknown
/usr/bin/hostinfo      = Mach kernel version:
	 Darwin Kernel Version 17.7.0: Thu Jun 21 22:53:14 PDT 2018; root:xnu-4570.71.2~1/RELEASE_X86_64
Kernel configured for up to 4 processors.
2 processors are physically available.
4 processors are logically available.
Processor type: x86_64h (Intel x86-64h Haswell)
Processors active: 0 1 2 3
Primary memory available: 16.00 gigabytes
Default processor set: 536 tasks, 3521 threads, 4 processors
Load average: 2.27, Mach factor: 1.71
/bin/machine           = unknown
/usr/bin/oslevel       = unknown
/bin/universe          = unknown

PATH: /Library/Frameworks/Python.framework/Versions/3.7/bin
PATH: /usr/local/bin
PATH: /usr/bin
PATH: /bin
PATH: /usr/sbin
PATH: /sbin
PATH: /Library/TeX/texbin


## ----------- ##
## Core tests. ##
## ----------- ##

configure:2243: checking for a BSD-compatible install
configure:2311: result: /usr/bin/install -c
configure:2322: checking whether build environment is sane
configure:2377: result: yes
configure:2528: checking for a thread-safe mkdir -p
configure:2567: result: ./install-sh -c -d
configure:2574: checking for gawk
configure:2604: result: no
configure:2574: checking for mawk
configure:2604: result: no
configure:2574: checking for nawk
configure:2604: result: no
configure:2574: checking for awk
configure:2590: found /usr/bin/awk
configure:2601: result: awk
configure:2612: checking whether make sets $(MAKE)
configure:2634: result: yes
configure:2663: checking whether make supports nested variables
configure:2680: result: yes
configure:2857: checking for gcc
configure:2873: found /usr/bin/gcc
configure:2884: result: gcc
configure:3113: checking for C compiler version
configure:3122: gcc --version >&5
Apple LLVM version 10.0.0 (clang-1000.10.44.4)
Target: x86_64-apple-darwin17.7.0
Thread model: posix
InstalledDir: /Library/Developer/CommandLineTools/usr/bin
Configured with: --prefix=/Library/Developer/CommandLineTools/usr --with-gxx-include-dir=/usr/include/c++/4.2.1
configure:3133: $? = 0
configure:3122: gcc -v >&5
Configured with: --prefix=/Library/Developer/CommandLineTools/usr --with-gxx-include-dir=/usr/include/c++/4.2.1
Apple LLVM version 10.0.0 (clang-1000.10.44.4)
Target: x86_64-apple-darwin17.7.0
Thread model: posix
InstalledDir: /Library/Developer/CommandLineTools/usr/bin
configure:3133: $? = 0
configure:3122: gcc -V >&5
clang: error: argument to '-V' is missing (expected 1 value)
clang: error: no input files
configure:3133: $? = 1
configure:3122: gcc -qversion >&5
clang: error: unknown argument: '-qversion'
clang: error: no input files
configure:3133: $? = 1
configure:3153: checking whether the C compiler works
configure:3175: gcc    conftest.c  >&5
configure:3179: $? = 0
configure:3227: result: yes
configure:3230: checking for C compiler default output file name
configure:3232: result: a.out
configure:3238: checking for suffix of executables
configure:3245: gcc -o conftest    conftest.c  >&5
configure:3249: $? = 0
configure:3271: result: 
configure:3293: checking whether we are cross compiling
configure:3301: gcc -o conftest    conftest.c  >&5
configure:3305: $? = 0
configure:3312: ./conftest
configure:3316: $? = 0
configure:3331: result: no
configure:3336: checking for suffix of object files
configure:3358: gcc -c   conftest.c >&5
configure:3362: $? = 0
configure:3383: result: o
configure:3387: checking whether we are using the GNU C compiler
configure:3406: gcc -c   conftest.c >&5
configure:3406: $? = 0
configure:3415: result: yes
configure:3424: checking whether gcc accepts -g
configure:3444: gcc -c -g  conftest.c >&5
configure:3444: $? = 0
configure:3485: result: yes
configure:3502: checking for gcc option to accept ISO C89
configure:3565: gcc  -c -g -O2  conftest.c >&5
configure:3565: $? = 0
configure:3578: result: none needed
configure:3603: checking whether gcc understands -c and -o together
configure:3625: gcc -c conftest.c -o conftest2.o
configure:3628: $? = 0
configure:3625: gcc -c conftest.c -o conftest2.o
configure:3628: $? = 0
configure:3640: result: yes
configure:3660: checking whether make supports the include directive
configure:3675: make -f confmf.GNU && cat confinc.out
this is the am__doit target
configure:3678: $? = 0
configure:3697: result: yes (GNU style)
configure:3722: checking dependency style of gcc
configure:3833: result: gcc3
configure:3852: checking for main in -lm
configure:3871: gcc -o conftest -g -O2   conftest.c -lm   >&5
configure:3871: $? = 0
configure:3880: result: yes
configure:3898: checking how to run the C preprocessor
configure:3929: gcc -E  conftest.c
configure:3929: $? = 0
configure:3943: gcc -E  conftest.c
conftest.c:12:10: fatal error: 'ac_nonexistent.h' file not found
#include <ac_nonexistent.h>
         ^~~~~~~~~~~~~~~~~~
1 error generated.
configure:3943: $? = 1
configure: failed program was:
| /* confdefs.h */
| #define PACKAGE_NAME "Tsampler"
| #define PACKAGE_TARNAME "tsampler"
| #define PACKAGE_VERSION "1.0"
| #define PACKAGE_STRING "Tsampler 1.0"
| #define PACKAGE_BUGREPORT "fenixprotoss@gmail.com"
| #define PACKAGE_URL ""
| #define PACKAGE "tsampler"
| #define VERSION "1.0"
| #define HAVE_LIBM 1
| /* end confdefs.h.  */
| #include <ac_nonexistent.h>
configure:3968: result: gcc -E
configure:3988: gcc -E  conftest.c
configure:3988: $? = 0
configure:4002: gcc -E  conftest.c
conftest.c:12:10: fatal error: 'ac_nonexistent.h' file not found
#include <ac_nonexistent.h>
         ^~~~~~~~~~~~~~~~~~
1 error generated.
configure:4002: $? = 1
configure: failed program was:
| /* confdefs.h */
| #define PACKAGE_NAME "Tsampler"
| #define PACKAGE_TARNAME "tsampler"
| #define PACKAGE_VERSION "1.0"
| #define PACKAGE_STRING "Tsampler 1.0"
| #define PACKAGE_BUGREPORT "fenixprotoss@gmail.com"
| #define PACKAGE_URL ""
| #define PACKAGE "tsampler"
| #define VERSION "1.0"
| #define HAVE_LIBM 1
| /* end confdefs.h.  */
| #include <ac_nonexistent.h>
configure:4031: checking for grep that handles long lines and -e
configure:4089: result: /usr/bin/grep
configure:4094: checking for egrep
configure:4156: result: /usr/bin/grep -E
configure:4161: checking for ANSI C header files
configure:4181: gcc -c -g -O2  conftest.c >&5
configure:4181: $? = 0
configure:4254: gcc -o conftest -g -O2   conftest.c -lm  >&5
configure:4254: $? = 0
configure:4254: ./conftest
configure:4254: $? = 0
configure:4265: result: yes
configure:4278: checking for sys/types.h
configure:4278: gcc -c -g -O2  conftest.c >&5
configure:4278: $? = 0
configure:4278: result: yes
configure:4278: checking for sys/stat.h
configure:4278: gcc -c -g -O2  conftest.c >&5
configure:4278: $? = 0
configure:4278: result: yes
configure:4278: checking for stdlib.h
configure:4278: gcc -c -g -O2  conftest.c >&5
configure:4278: $? = 0
configure:4278: result: yes
configure:4278: checking for string.h
configure:4278: gcc -c -g -O2  conftest.c >&5
configure:4278: $? = 0
configure:4278: result: yes
configure:4278: checking for memory.h
configure:4278: gcc -c -g -O2  conftest.c >&5
configure:4278: $? = 0
configure:4278: result: yes
configure:4278: checking for strings.h
configure:4278: gcc -c -g -O2  conftest.c >&5
configure:4278: $? = 0
configure:4278: result: yes
configure:4278: checking for inttypes.h
configure:4278: gcc -c -g -O2  conftest.c >&5
configure:4278: $? = 0
configure:4278: result: yes
configure:4278: checking for stdint.h
configure:4278: gcc -c -g -O2  conftest.c >&5
configure:4278: $? = 0
configure:4278: result: yes
configure:4278: checking for unistd.h
configure:4278: gcc -c -g -O2  conftest.c >&5
configure:4278: $? = 0
configure:4278: result: yes
configure:4293: checking for stdlib.h
configure:4293: result: yes
configure:4293: checking for string.h
configure:4293: result: yes
configure:4305: checking for inline
configure:4321: gcc -c -g -O2  conftest.c >&5
configure:4321: $? = 0
configure:4329: result: inline
configure:4347: checking for size_t
configure:4347: gcc -c -g -O2  conftest.c >&5
configure:4347: $? = 0
configure:4347: gcc -c -g -O2  conftest.c >&5
conftest.c:60:21: error: expected expression
if (sizeof ((size_t)))
                    ^
1 error generated.
configure:4347: $? = 1
configure: failed program was:
| /* confdefs.h */
| #define PACKAGE_NAME "Tsampler"
| #define PACKAGE_TARNAME "tsampler"
| #define PACKAGE_VERSION "1.0"
| #define PACKAGE_STRING "Tsampler 1.0"
| #define PACKAGE_BUGREPORT "fenixprotoss@gmail.com"
| #define PACKAGE_URL ""
| #define PACKAGE "tsampler"
| #define VERSION "1.0"
| #define HAVE_LIBM 1
| #define STDC_HEADERS 1
| #define HAVE_SYS_TYPES_H 1
| #define HAVE_SYS_STAT_H 1
| #define HAVE_STDLIB_H 1
| #define HAVE_STRING_H 1
| #define HAVE_MEMORY_H 1
| #define HAVE_STRINGS_H 1
| #define HAVE_INTTYPES_H 1
| #define HAVE_STDINT_H 1
| #define HAVE_UNISTD_H 1
| #define HAVE_STDLIB_H 1
| #define HAVE_STRING_H 1
| /* end confdefs.h.  */
| #include <stdio.h>
| #ifdef HAVE_SYS_TYPES_H
| # include <sys/types.h>
| #endif
| #ifdef HAVE_SYS_STAT_H
| # include <sys/stat.h>
| #endif
| #ifdef STDC_HEADERS
| # include <stdlib.h>
| # include <stddef.h>
| #else
| # ifdef HAVE_STDLIB_H
| #  include <stdlib.h>
| # endif
| #endif
| #ifdef HAVE_STRING_H
| # if !defined STDC_HEADERS && defined HAVE_MEMORY_H
| #  include <memory.h>
| # endif
| # include <string.h>
| #endif
| #ifdef HAVE_STRINGS_H
| # include <strings.h>
| #endif
| #ifdef HAVE_INTTYPES_H
| # include <inttypes.h>
| #endif
| #ifdef HAVE_STDINT_H
| # include <stdint.h>
| #endif
| #ifdef HAVE_UNISTD_H
| # include <unistd.h>
| #endif
| int
| main ()
| {
| if (sizeof ((size_t)))
| 	    return 0;
|   ;
|   return 0;
| }
configure:4347: result: yes
configure:4362: checking for stdlib.h
configure:4362: result: yes
configure:4372: checking for GNU libc compatible realloc
configure:4396: gcc -o conftest -g -O2   conftest.c -lm  >&5
configure:4396: $? = 0
configure:4396: ./conftest
configure:4396: $? = 0
configure:4406: result: yes
configure:4430: checking for pow
configure:4430: gcc -o conftest -g -O2   conftest.c -lm  >&5
conftest.c:49:6: warning: incompatible redeclaration of library function 'pow' [-Wincompatible-library-redeclaration]
char pow ();
     ^
conftest.c:49:6: note: 'pow' is a builtin with type 'double (double, double)'
1 warning generated.
configure:4430: $? = 0
configure:4430: result: yes
configure:4430: checking for strchr
configure:4430: gcc -o conftest -g -O2   conftest.c -lm  >&5
conftest.c:50:6: warning: incompatible redeclaration of library function 'strchr' [-Wincompatible-library-redeclaration]
char strchr ();
     ^
conftest.c:50:6: note: 'strchr' is a builtin with type 'char *(const char *, int)'
1 warning generated.
configure:4430: $? = 0
configure:4430: result: yes
configure:4430: checking for strdup
configure:4430: gcc -o conftest -g -O2   conftest.c -lm  >&5
conftest.c:51:6: warning: incompatible redeclaration of library function 'strdup' [-Wincompatible-library-redeclaration]
char strdup ();
     ^
conftest.c:51:6: note: 'strdup' is a builtin with type 'char *(const char *)'
1 warning generated.
configure:4430: $? = 0
configure:4430: result: yes
configure:4430: checking for strstr
configure:4430: gcc -o conftest -g -O2   conftest.c -lm  >&5
conftest.c:52:6: warning: incompatible redeclaration of library function 'strstr' [-Wincompatible-library-redeclaration]
char strstr ();
     ^
conftest.c:52:6: note: 'strstr' is a builtin with type 'char *(const char *, const char *)'
1 warning generated.
configure:4430: $? = 0
configure:4430: result: yes
configure:4587: checking that generated files are newer than configure
configure:4593: result: done
configure:4616: creating ./config.status

## ---------------- ##
## Cache variables. ##
## ---------------- ##

ac_cv_c_compiler_gnu=yes
ac_cv_c_inline=inline
ac_cv_env_CC_set=
ac_cv_env_CC_value=
ac_cv_env_CFLAGS_set=
ac_cv_env_CFLAGS_value=
ac_cv_env_CPPFLAGS_set=
ac_cv_env_CPPFLAGS_value=
ac_cv_env_CPP_set=
ac_cv_env_CPP_value=
ac_cv_env_LDFLAGS_set=
ac_cv_env_LDFLAGS_value=
ac_cv_env_LIBS_set=
ac_cv_env_LIBS_value=
ac_cv_env_build_alias_set=
ac_cv_env_build_alias_value=
ac_cv_env_host_alias_set=
ac_cv_env_host_alias_value=
ac_cv_env_target_alias_set=
ac_cv_env_target_alias_value=
ac_cv_func_pow=yes
ac_cv_func_realloc_0_nonnull=yes
ac_cv_func_strchr=yes
ac_cv_func_strdup=yes
ac_cv_func_strstr=yes
ac_cv_header_inttypes_h=yes
ac_cv_header_memory_h=yes
ac_cv_header_stdc=yes
ac_cv_header_stdint_h=yes
ac_cv_header_stdlib_h=yes
ac_cv_header_string_h=yes
ac_cv_header_strings_h=yes
ac_cv_header_sys_stat_h=yes
ac_cv_header_sys_types_h=yes
ac_cv_header_unistd_h=yes
ac_cv_lib_m_main=yes
ac_cv_objext=o
ac_cv_path_EGREP='/usr/bin/grep -E'
ac_cv_path_GREP=/usr/bin/grep
ac_cv_path_install='/usr/bin/install -c'
ac_cv_prog_AWK=awk
ac_cv_prog_CPP='gcc -E'
ac_cv_prog_ac_ct_CC=gcc
ac_cv_prog_cc_c89=
ac_cv_prog_cc_g=yes
ac_cv_prog_make_make_set=yes
ac_cv_type_size_t=yes
am_cv_CC_dependencies_compiler_type=gcc3
am_cv_make_support_nested_variables=yes
am_cv_prog_cc_c_o=yes

## ----------------- ##
## Output variables. ##
## ----------------- ##

ACLOCAL='${SHELL} /Users/biocomplexity/Documents/Program/Inv_seq_vt/Tsampler_v1.0/missing aclocal-1.16'
AMDEPBACKSLASH='\'
AMDEP_FALSE='#'
AMDEP_TRUE=''
AMTAR='$${TAR-tar}'
AM_BACKSLASH='\'
AM_DEFAULT_V='$(AM_DEFAULT_VERBOSITY)'
AM_DEFAULT_VERBOSITY='1'
AM_V='$(V)'
AUTOCONF='${SHELL} /Users/biocomplexity/Documents/Program/Inv_seq_vt/Tsampler_v1.0/missing autoconf'
AUTOHEADER='${SHELL} /Users/biocomplexity/Documents/Program/Inv_seq_vt/Tsampler_v1.0/missing autoheader'
AUTOMAKE='${SHELL} /Users/biocomplexity/Documents/Program/Inv_seq_vt/Tsampler_v1.0/missing automake-1.16'
AWK='awk'
CC='gcc'
CCDEPMODE='depmode=gcc3'
CFLAGS='-g -O2'
CPP='gcc -E'
CPPFLAGS=''
CYGPATH_W='echo'
DEFS='-DPACKAGE_NAME=\"Tsampler\" -DPACKAGE_TARNAME=\"tsampler\" -DPACKAGE_VERSION=\"1.0\" -DPACKAGE_STRING=\"Tsampler\ 1.0\" -DPACKAGE_BUGREPORT=\"fenixprotoss@gmail.com\" -DPACKAGE_URL=\"\" -DPACKAGE=\"tsampler\" -DVERSION=\"1.0\" -DHAVE_LIBM=1 -DSTDC_HEADERS=1 -DHAVE_SYS_TYPES_H=1 -DHAVE_SYS_STAT_H=1 -DHAVE_STDLIB_H=1 -DHAVE_STRING_H=1 -DHAVE_MEMORY_H=1 -DHAVE_STRINGS_H=1 -DHAVE_INTTYPES_H=1 -DHAVE_STDINT_H=1 -DHAVE_UNISTD_H=1 -DHAVE_STDLIB_H=1 -DHAVE_STRING_H=1 -DHAVE_STDLIB_H=1 -DHAVE_REALLOC=1 -DHAVE_POW=1 -DHAVE_STRCHR=1 -DHAVE_STRDUP=1 -DHAVE_STRSTR=1'
DEPDIR='.deps'
ECHO_C='\c'
ECHO_N=''
ECHO_T=''
EGREP='/usr/bin/grep -E'
EXEEXT=''
GREP='/usr/bin/grep'
INSTALL_DATA='${INSTALL} -m 644'
INSTALL_PROGRAM='${INSTALL}'
INSTALL_SCRIPT='${INSTALL}'
INSTALL_STRIP_PROGRAM='$(install_sh) -c -s'
LDFLAGS=''
LIBOBJS=''
LIBS='-lm '
LTLIBOBJS=''
MAKEINFO='${SHELL} /Users/biocomplexity/Documents/Program/Inv_seq_vt/Tsampler_v1.0/missing makeinfo'
MKDIR_P='./install-sh -c -d'
OBJEXT='o'
PACKAGE='tsampler'
PACKAGE_BUGREPORT='fenixprotoss@gmail.com'
PACKAGE_NAME='Tsampler'
PACKAGE_STRING='Tsampler 1.0'
PACKAGE_TARNAME='tsampler'
PACKAGE_URL=''
PACKAGE_VERSION='1.0'
PATH_SEPARATOR=':'
SET_MAKE=''
SHELL='/bin/sh'
STRIP=''
VERSION='1.0'
ac_ct_CC='gcc'
am__EXEEXT_FALSE=''
am__EXEEXT_TRUE='#'
am__fastdepCC_FALSE='#'
am__fastdepCC_TRUE=''
am__include='include'
am__isrc=''
am__leading_dot='.'
am__nodep='_no'
am__quote=''
am__tar='$${TAR-tar} chof - "$$tardir"'
am__untar='$${TAR-tar} xf -'
bindir='${exec_prefix}/bin'
build_alias=''
datadir='${datarootdir}'
datarootdir='${prefix}/share'
docdir='${datarootdir}/doc/${PACKAGE_TARNAME}'
dvidir='${docdir}'
exec_prefix='${prefix}'
host_alias=''
htmldir='${docdir}'
includedir='${prefix}/include'
infodir='${datarootdir}/info'
install_sh='${SHELL} /Users/biocomplexity/Documents/Program/Inv_seq_vt/Tsampler_v1.0/install-sh'
libdir='${exec_prefix}/lib'
libexecdir='${exec_prefix}/libexec'
localedir='${datarootdir}/locale'
localstatedir='${prefix}/var'
mandir='${datarootdir}/man'
mkdir_p='$(MKDIR_P)'
oldincludedir='/usr/include'
pdfdir='${docdir}'
prefix='/usr/local'
program_transform_name='s,x,x,'
psdir='${docdir}'
sbindir='${exec_prefix}/sbin'
sharedstatedir='${prefix}/com'
sysconfdir='${prefix}/etc'
target_alias=''

## ----------- ##
## confdefs.h. ##
## ----------- ##

/* confdefs.h */
#define PACKAGE_NAME "Tsampler"
#define PACKAGE_TARNAME "tsampler"
#define PACKAGE_VERSION "1.0"
#define PACKAGE_STRING "Tsampler 1.0"
#define PACKAGE_BUGREPORT "fenixprotoss@gmail.com"
#define PACKAGE_URL ""
#define PACKAGE "tsampler"
#define VERSION "1.0"
#define HAVE_LIBM 1
#define STDC_HEADERS 1
#define HAVE_SYS_TYPES_H 1
#define HAVE_SYS_STAT_H 1
#define HAVE_STDLIB_H 1
#define HAVE_STRING_H 1
#define HAVE_MEMORY_H 1
#define HAVE_STRINGS_H 1
#define HAVE_INTTYPES_H 1
#define HAVE_STDINT_H 1
#define HAVE_UNISTD_H 1
#define HAVE_STDLIB_H 1
#define HAVE_STRING_H 1
#define HAVE_STDLIB_H 1
#define HAVE_REALLOC 1
#define HAVE_POW 1
#define HAVE_STRCHR 1
#define HAVE_STRDUP 1
#define HAVE_STRSTR 1

configure: exit 0

## ---------------------- ##
## Running config.status. ##
## ---------------------- ##

This file was extended by Tsampler config.status 1.0, which was
generated by GNU Autoconf 2.69.  Invocation command line was

  CONFIG_FILES    = 
  CONFIG_HEADERS  = 
  CONFIG_LINKS    = 
  CONFIG_COMMANDS = 
  $ ./config.status 

on Biocomplexitys-MacBook-Pro-9.local

config.status:778: creating Makefile
config.status:778: creating src/Makefile
config.status:950: executing depfiles commands
config.status:1027: cd src       && sed -e '/# am--include-marker/d' Makefile         | make -f - am--depfiles
make[1]: Nothing to be done for `am--depfiles'.
config.status:1032: $? = 0
